{
	"alias": "FEDORA-EPEL-2017-2acdfa3ad8",
	"autokarma": true,
	"bugs": [
		{
			"bug_id": 1256621,
			"security": true,
			"title": "CVE-2015-0899 struts: Apache Struts 1: input validation bypass in MultiPageValidator [epel-7]",
			"bugzilla": {
				"bug_id": "1256621",
				"creation_ts": "2015-08-25 06:52:31 +0000",
				"short_desc": "CVE-2015-0899 struts: Apache Struts 1: input validation bypass in MultiPageValidator [epel-7]",
				"delta_ts": "2017-05-30 16:54:24 +0000",
				"bug_status": "CLOSED",
				"resolution": "ERRATA",
				"keywords": "Security, SecurityTracking",
				"priority": "medium",
				"bug_severity": "medium",
				"blocked": [
					{
						"bug_id": "1207099",
						"alias": "CVE-2015-0899",
						"creation_ts": "2015-03-30 08:52:13 +0000",
						"short_desc": "CVE-2015-0899 Apache Struts 1: input validation bypass in MultiPageValidator",
						"delta_ts": "2021-02-17 05:28:31 +0000",
						"bug_status": "CLOSED",
						"resolution": "WONTFIX",
						"keywords": "Security",
						"priority": "medium",
						"bug_severity": "medium",
						"depends_on": [
							"1256620",
							"1256621"
						],
						"blocked": [
							{
								"bug_id": "1207110",
								"error": "NotPermitted"
							}
						],
						"long_desc": [
							{
								"isprivate": "0",
								"commentid": "8096101",
								"comment_count": "0",
								"who": {
									"text": "mprpic",
									"name": "Martin Prpiƒç"
								},
								"bug_when": "2015-03-30 08:52:13 +0000",
								"thetext": "The following flaw was found in Apache Struts 1:\n\nThe Validator in Apache Struts 1.1 and later contains a function to efficiently define rules for input validation across multiple pages during screen transitions. This function contains a vulnerability where input validation may be bypassed. When the Apache Struts 1 Validator is used, the web application may be vulnerable even when this function is not used explicitly.\n\nUpstream advisory:\n\nhttp://jvndb.jvn.jp/en/contents/2015/JVNDB-2015-000042.html\nhttps://jvn.jp/en/jp/JVN86448949/index.html\n\nUpstream patches:\n\nhttp://en.sourceforge.jp/projects/terasoluna/wiki/StrutsPatch2-EN"
							},
							{
								"isprivate": "0",
								"commentid": "8410548",
								"comment_count": "4",
								"who": {
									"text": "jshepherd",
									"name": "Jason Shepherd"
								},
								"bug_when": "2015-07-06 02:01:17 +0000",
								"thetext": "While jbews-1 is affected by this issue, it's end of life was reached in June 2012. https://access.redhat.com/support/policy/updates/jboss_notes"
							},
							{
								"isprivate": "0",
								"commentid": "8413898",
								"comment_count": "6",
								"who": {
									"text": "jshepherd",
									"name": "Jason Shepherd"
								},
								"bug_when": "2015-07-07 01:18:54 +0000",
								"thetext": "Planning to remove struts from Fuse/FSW in next release:\n\n  https://issues.jboss.org/browse/ENTESB-3567"
							},
							{
								"isprivate": "0",
								"commentid": "8567238",
								"comment_count": "7",
								"who": {
									"text": "jshepherd",
									"name": "Jason Shepherd"
								},
								"bug_when": "2015-08-24 06:18:59 +0000",
								"thetext": "Satellite 5.x is unaffected by this issue because it doesn't use ValidatorForm. It uses DynaActionForm instead, and validates in the Action classes."
							},
							{
								"isprivate": "0",
								"commentid": "8571579",
								"comment_count": "8",
								"who": {
									"text": "jshepherd",
									"name": "Jason Shepherd"
								},
								"bug_when": "2015-08-25 06:30:44 +0000",
								"thetext": "We won't fix this issue in JBoss Operation Network because it doesn't use multipage forms. Also, all forms are only accessible from authenticated sections of JON.\n\nWe won't fix this issue for EPEL and Fedora as they are unsupported, and we're unlikely to consume these packages in supported products in future."
							},
							{
								"isprivate": "0",
								"commentid": "8571634",
								"comment_count": "9",
								"who": {
									"text": "jshepherd",
									"name": "Jason Shepherd"
								},
								"bug_when": "2015-08-25 06:52:39 +0000",
								"thetext": "\nCreated struts tracking bugs for this issue:\n\nAffects: fedora-all [bug 1256620]\nAffects: epel-7 [bug 1256621]"
							}
						]
					}
				],
				"long_desc": [
					{
						"isprivate": "0",
						"commentid": "8571632",
						"comment_count": "0",
						"who": {
							"text": "jshepherd",
							"name": "Jason Shepherd"
						},
						"bug_when": "2015-08-25 06:52:31 +0000",
						"thetext": "\nThis is an automatically created tracking bug!  It was created to ensure\nthat one or more security vulnerabilities are fixed in affected versions\nof Fedora EPEL.\n\nFor comments that are specific to the vulnerability please use bugs filed\nagainst the \"Security Response\" product referenced in the \"Blocks\" field.\n\nFor more information see:\nhttp://fedoraproject.org/wiki/Security/TrackingBugs\n\nWhen submitting as an update, use the fedpkg template provided in the next\ncomment(s).  This will include the bug IDs of this tracking bug as well as\nthe relevant top-level CVE bugs.\n\nPlease also mention the CVE IDs being fixed in the RPM changelog and the\nfedpkg commit message.\n\nepel-7 tracking bug for struts: see blocks bug list for full details of the security issue(s).\n\nThis bug is never intended to be made public, please put any public notes\nin the blocked bugs.\n\n[bug automatically created by: add-tracking-bugs]"
					},
					{
						"isprivate": "0",
						"commentid": "8571633",
						"comment_count": "1",
						"who": {
							"text": "jshepherd",
							"name": "Jason Shepherd"
						},
						"bug_when": "2015-08-25 06:52:37 +0000",
						"thetext": "\nUse the following template to for the 'fedpkg update' request to submit an\nupdate for this issue as it contains the top-level parent bug(s) as well as\nthis tracking bug.  This will ensure that all associated bugs get updated\nwhen new packages are pushed to stable.\n\n=====\n\n# bugfix, security, enhancement, newpackage (required)\ntype=security\n\n# testing, stable\nrequest=testing\n\n# Bug numbers: 1234,9876\nbugs=1207099,1256621\n\n# Description of your update\nnotes=Security fix for CVE-2015-0899\n\n# Enable request automation based on the stable/unstable karma thresholds\nautokarma=True\nstable_karma=3\nunstable_karma=-3\n\n# Automatically close bugs when this marked as stable\nclose_bugs=True\n\n# Suggest that users restart after update\nsuggest_reboot=False\n\n======\n\nAdditionally, you may opt to use the bodhi update submission link instead:\n\nhttps://admin.fedoraproject.org/updates/new/?type_=security&bugs=1207099,1256621"
					},
					{
						"isprivate": "0",
						"commentid": "10402959",
						"comment_count": "2",
						"who": {
							"text": "updates",
							"name": "Fedora Update System"
						},
						"bug_when": "2017-05-11 07:39:57 +0000",
						"thetext": "struts-1.3.10-14.1.el7 has been submitted as an update to Fedora EPEL 7. https://bodhi.fedoraproject.org/updates/FEDORA-EPEL-2017-2acdfa3ad8"
					},
					{
						"isprivate": "0",
						"commentid": "10408936",
						"comment_count": "3",
						"who": {
							"text": "updates",
							"name": "Fedora Update System"
						},
						"bug_when": "2017-05-12 19:56:12 +0000",
						"thetext": "struts-1.3.10-14.1.el7 has been pushed to the Fedora EPEL 7 testing repository. If problems still persist, please make note of it in this bug report.\nSee https://fedoraproject.org/wiki/QA:Updates_Testing for\ninstructions on how to install test updates.\nYou can provide feedback for this update here: https://bodhi.fedoraproject.org/updates/FEDORA-EPEL-2017-2acdfa3ad8"
					},
					{
						"isprivate": "0",
						"commentid": "10459474",
						"comment_count": "4",
						"who": {
							"text": "updates",
							"name": "Fedora Update System"
						},
						"bug_when": "2017-05-30 16:54:24 +0000",
						"thetext": "struts-1.3.10-14.1.el7 has been pushed to the Fedora EPEL 7 stable repository. If problems still persist, please make note of it in this bug report."
					}
				]
			}
		},
		{
			"bug_id": 1428266,
			"title": "struts: FTBFS in EPEL 7",
			"bugzilla": {
				"bug_id": "1428266",
				"creation_ts": "2017-03-02 07:14:44 +0000",
				"short_desc": "struts: FTBFS in EPEL 7",
				"delta_ts": "2017-05-30 16:54:21 +0000",
				"bug_status": "CLOSED",
				"resolution": "ERRATA",
				"bug_file_loc": "http://apps.fedoraproject.org/koschei/package/struts",
				"priority": "unspecified",
				"bug_severity": "unspecified",
				"long_desc": [
					{
						"isprivate": "0",
						"commentid": "10200681",
						"comment_count": "0",
						"who": {
							"text": "puntogil",
							"name": "gil cattaneo"
						},
						"bug_when": "2017-03-02 07:14:44 +0000",
						"thetext": "Description of problem:\nPackage struts fails to build from source in EPEL 7.\n\n[ERROR] Failed to execute goal org.apache.maven.plugins:maven-javadoc-plugin:2.9:aggregate (default-cli) on project struts-parent: An error has occurred in JavaDocs report generation:\n[ERROR] Exit code: 1 - /builddir/build/BUILD/struts-1.3.10/src/core/src/main/java/org/apache/struts/mock/MockActionServlet.java:68: warning: no description for @param\n[ERROR] * @param servletContext\n[ERROR] ^\n[ERROR] /builddir/build/BUILD/struts-1.3.10/src/core/src/main/java/org/apache/struts/mock/MockActionServlet.java:77: warning: no description for @return\n[ERROR] * @return\n[ERROR] ^\n[ERROR] /builddir/build/BUILD/struts-1.3.10/src/core/src/main/java/org/apache/struts/mock/MockActionServlet.java:86: warning: no description for @param\n[ERROR] * @param servletConfig\n[ERROR] ^\n[ERROR] /builddir/build/BUILD/struts-1.3.10/src/core/src/main/java/org/apache/struts/mock/MockActionServlet.java:95: warning: no description for @return\n[ERROR] * @return\n[ERROR] ^\n[ERROR] /builddir/build/BUILD/struts-1.3.10/src/core/src/main/java/org/apache/struts/action/ActionServlet.java:1740: error: semicolon missing\n[ERROR] * being accessed.  This will be used in the <code>&html:form&gt;</code>\n[ERROR] ^\n[ERROR] /builddir/build/BUILD/struts-1.3.10/src/core/src/main/java/org/apache/struts/mock/MockActionServlet.java:52: warning: no @param for servletContext\n[ERROR] public MockActionServlet(ServletContext servletContext,\n[ERROR] ^\n[ERROR] /builddir/build/BUILD/struts-1.3.10/src/core/src/main/java/org/apache/struts/mock/MockActionServlet.java:52: warning: no @param for servletConfig\n[ERROR] public MockActionServlet(ServletContext servletContext,\n[ERROR] ^\n[ERROR] /builddir/build/BUILD/struts-1.3.10/src/core/src/main/java/org/apache/struts/action/ActionForm.java:140: error: bad use of '>'\n[ERROR] * <p>>Can be used to reset all bean properties to their default state.\n[ERROR] ^\n[ERROR] /builddir/build/BUILD/struts-1.3.10/src/core/src/main/java/org/apache/struts/upload/MultipartRequestHandler.java:53: warning: no @param for servlet\n[ERROR] public void setServlet(ActionServlet servlet);\n[ERROR] ^\n[ERROR] /builddir/build/BUILD/struts-1.3.10/src/core/src/main/java/org/apache/struts/upload/MultipartRequestHandler.java:59: warning: no @param for mapping\n[ERROR] public void setMapping(ActionMapping mapping);\n[ERROR] ^\n[ERROR] /builddir/build/BUILD/struts-1.3.10/src/core/src/main/java/org/apache/struts/upload/MultipartRequestHandler.java:64: warning: no @return\n[ERROR] public ActionServlet getServlet();\n[ERROR] ^\n[ERROR] /builddir/build/BUILD/struts-1.3.10/src/core/src/main/java/org/apache/struts/upload/MultipartRequestHandler.java:69: warning: no @return\n[ERROR] public ActionMapping getMapping();\n[ERROR] ^\n[ERROR] /builddir/build/BUILD/struts-1.3.10/src/core/src/main/java/org/apache/struts/upload/MultipartRequestHandler.java:78: warning: no @param for request\n[ERROR] public void handleRequest(HttpServletRequest request)\n[ERROR] ^\n[ERROR] /builddir/build/BUILD/struts-1.3.10/src/core/src/main/java/org/apache/struts/upload/CommonsMultipartRequestHandler.java:347: error: text not allowed in <ol> element\n[ERROR] * <code>java.io.tmpdir</code> system property.</li> (/ol> </p>\n[ERROR] ^\n[ERROR] /builddir/build/BUILD/struts-1.3.10/src/core/src/main/java/org/apache/struts/upload/CommonsMultipartRequestHandler.java:347: error: bad use of '>'\n[ERROR] * <code>java.io.tmpdir</code> system property.</li> (/ol> </p>\n[ERROR] ^\n[ERROR] /builddir/build/BUILD/struts-1.3.10/src/core/src/main/java/org/apache/struts/upload/CommonsMultipartRequestHandler.java:347: error: unexpected end tag: </p>\n[ERROR] * <code>java.io.tmpdir</code> system property.</li> (/ol> </p>\n[ERROR] ^\n[ERROR] /builddir/build/BUILD/struts-1.3.10/src/core/src/main/java/org/apache/struts/upload/CommonsMultipartRequestHandler.java:341: error: element not closed: ol\n[ERROR] * the first of the following to be non-empty. <ol> <li>A temp dir\n[ERROR] ^\n[ERROR] /builddir/build/BUILD/struts-1.3.10/src/core/src/main/java/org/apache/struts/upload/FormFile.java:98: warning: no @return\n[ERROR] public InputStream getInputStream()\n[ERROR] ^\n[ERROR] /builddir/build/BUILD/struts-1.3.10/src/core/src/main/java/org/apache/struts/upload/MultipartRequestWrapper.java:54: warning: no @param for name\n[ERROR] public void setParameter(String name, String value) {\n[ERROR] ^\n[ERROR] /builddir/build/BUILD/struts-1.3.10/src/core/src/main/java/org/apache/struts/upload/MultipartRequestWrapper.java:54: warning: no @param for value\n[ERROR] public void setParameter(String name, String value) {\n[ERROR] ^\n[ERROR] /builddir/build/BUILD/struts-1.3.10/src/core/src/main/java/org/apache/struts/validator/BeanValidatorForm.java:104: warning: no @param for pathValidation\n[ERROR] protected void setPathValidation(boolean pathValidation) {\n[ERROR] ^\n[ERROR] /builddir/build/BUILD/struts-1.3.10/src/core/src/main/java/org/apache/struts/validator/BeanValidatorForm.java:112: warning: no @return\n[ERROR] protected boolean isPathValidation() {\n[ERROR] ^\n[ERROR] /builddir/build/BUILD/struts-1.3.10/src/core/src/main/java/org/apache/struts/validator/BeanValidatorForm.java:124: warning: no @param for formBeanConfig\n[ERROR] public void initialize(FormBeanConfig formBeanConfig) {\n[ERROR] ^\n[ERROR] /builddir/build/BUILD/struts-1.3.10/src/core/src/main/java/org/apache/struts/validator/BeanValidatorForm.java:134: warning: no @return\n[ERROR] public String getStrutsConfigFormName() {\n[ERROR] ^\n[ERROR] /builddir/build/BUILD/struts-1.3.10/src/core/src/main/java/org/apache/struts/validator/BeanValidatorForm.java:142: warning: no @return\n[ERROR] public DynaBean getDynaBean() {\n[ERROR] ^\n[ERROR] /builddir/build/BUILD/struts-1.3.10/src/core/src/main/java/org/apache/struts/validator/BeanValidatorForm.java:155: warning: no @return\n[ERROR] public Object getInstance() {\n[ERROR] ^\n[ERROR] /builddir/build/BUILD/struts-1.3.10/src/core/src/main/java/org/apache/struts/validator/BeanValidatorForm.java:166: warning: no @param for name\n[ERROR] public int size(String name) {\n[ERROR] ^\n[ERROR] /builddir/build/BUILD/struts-1.3.10/src/core/src/main/java/org/apache/struts/validator/BeanValidatorForm.java:166: warning: no @return\n[ERROR] public int size(String name) {\n[ERROR] ^\n[ERROR] /builddir/build/BUILD/struts-1.3.10/src/core/src/main/java/org/apache/struts/validator/BeanValidatorForm.java:48: error: malformed HTML\n[ERROR] * can't be changed to extend <ActionForm</code>.</p>\n[ERROR] ^\n[ERROR] /builddir/build/BUILD/struts-1.3.10/src/core/src/main/java/org/apache/struts/validator/BeanValidatorForm.java:48: error: unexpected end tag: </code>\n[ERROR] * can't be changed to extend <ActionForm</code>.</p>\n[ERROR] ^\n[ERROR] /builddir/build/BUILD/struts-1.3.10/src/core/src/main/java/org/apache/struts/validator/BeanValidatorForm.java:48: error: unexpected end tag: </p>\n[ERROR] * can't be changed to extend <ActionForm</code>.</p>\n[ERROR] ^\n[ERROR] /builddir/build/BUILD/struts-1.3.10/src/core/src/main/java/org/apache/struts/validator/BeanValidatorForm.java:90: warning: no @param for bean\n[ERROR] public BeanValidatorForm(Object bean) {\n[ERROR] ^\n[ERROR] /builddir/build/BUILD/struts-1.3.10/src/core/src/main/java/org/apache/struts/action/DynaActionForm.java:390: error: unexpected end tag: </p>\n[ERROR] * </p>\n[ERROR] ^\n[ERROR] /builddir/build/BUILD/struts-1.3.10/src/core/src/main/java/org/apache/struts/validator/LazyValidatorForm.java:180: warning: no @return\n[ERROR] public Map getMap() {\n[ERROR] ^\n[ERROR] /builddir/build/BUILD/struts-1.3.10/src/core/src/main/java/org/apache/struts/validator/LazyValidatorForm.java:193: warning: no @param for name\n[ERROR] protected DynaBean newIndexedBean(String name) {\n[ERROR] ^\n[ERROR] /builddir/build/BUILD/struts-1.3.10/src/core/src/main/java/org/apache/struts/validator/LazyValidatorForm.java:193: warning: no @return\n[ERROR] protected DynaBean newIndexedBean(String name) {\n[ERROR] ^\n[ERROR] /builddir/build/BUILD/struts-1.3.10/src/core/src/main/java/org/apache/struts/validator/LazyValidatorForm.java:35: warning: nested tag not allowed: <code>\n[ERROR] * the <code>LazyDynaBean<code> is handled in the parent\n[ERROR] ^\n[ERROR] /builddir/build/BUILD/struts-1.3.10/src/core/src/main/java/org/apache/struts/validator/LazyValidatorForm.java:36: warning: nested tag not allowed: <code>\n[ERROR] * <code>BeanValidatorForm</code>. The only thing it really does is populate\n[ERROR] ^\n[ERROR] /builddir/build/BUILD/struts-1.3.10/src/core/src/main/java/org/apache/struts/validator/LazyValidatorForm.java:37: warning: nested tag not allowed: <code>\n[ERROR] * <i>indexed</i> properties which are a <code>List<code> type with a\n[ERROR] ^\n[ERROR] /builddir/build/BUILD/struts-1.3.10/src/core/src/main/java/org/apache/struts/validator/LazyValidatorForm.java:37: warning: nested tag not allowed: <code>\n[ERROR] * <i>indexed</i> properties which are a <code>List<code> type with a\n[ERROR] ^\n[ERROR] /builddir/build/BUILD/struts-1.3.10/src/core/src/main/java/org/apache/struts/validator/LazyValidatorForm.java:38: warning: nested tag not allowed: <code>\n[ERROR] * <code>LazyDynaBean<code> in the <code>get(name, index)</code> method.</p>\n[ERROR] ^\n[ERROR] /builddir/build/BUILD/struts-1.3.10/src/core/src/main/java/org/apache/struts/validator/LazyValidatorForm.java:38: warning: nested tag not allowed: <code>\n[ERROR] * <code>LazyDynaBean<code> in the <code>get(name, index)</code> method.</p>\n[ERROR] ^\n[ERROR] /builddir/build/BUILD/struts-1.3.10/src/core/src/main/java/org/apache/struts/validator/LazyValidatorForm.java:38: warning: nested tag not allowed: <code>\n[ERROR] * <code>LazyDynaBean<code> in the <code>get(name, index)</code> method.</p>\n[ERROR] ^\n[ERROR] /builddir/build/BUILD/struts-1.3.10/src/core/src/main/java/org/apache/struts/validator/LazyValidatorForm.java:38: error: end tag missing: </code>\n[ERROR] * <code>LazyDynaBean<code> in the <code>get(name, index)</code> method.</p>\n[ERROR] ^\n[ERROR] /builddir/build/BUILD/struts-1.3.10/src/core/src/main/java/org/apache/struts/validator/LazyValidatorForm.java:38: error: end tag missing: </code>\n[ERROR] * <code>LazyDynaBean<code> in the <code>get(name, index)</code> method.</p>\n[ERROR] ^\n[ERROR] /builddir/build/BUILD/struts-1.3.10/src/core/src/main/java/org/apache/struts/validator/LazyValidatorForm.java:37: error: end tag missing: </code>\n[ERROR] * <i>indexed</i> properties which are a <code>List<code> type with a\n[ERROR] ^\n[ERROR] /builddir/build/BUILD/struts-1.3.10/src/core/src/main/java/org/apache/struts/validator/LazyValidatorForm.java:37: error: end tag missing: </code>\n[ERROR] * <i>indexed</i> properties which are a <code>List<code> type with a\n[ERROR] ^\n[ERROR] /builddir/build/BUILD/struts-1.3.10/src/core/src/main/java/org/apache/struts/validator/LazyValidatorForm.java:35: error: end tag missing: </code>\n[ERROR] * the <code>LazyDynaBean<code> is handled in the parent\n[ERROR] ^\n[ERROR] /builddir/build/BUILD/struts-1.3.10/src/core/src/main/java/org/apache/struts/validator/LazyValidatorForm.java:35: error: end tag missing: </code>\n[ERROR] * the <code>LazyDynaBean<code> is handled in the parent\n[ERROR] ^\n[ERROR] /builddir/build/BUILD/struts-1.3.10/src/core/src/main/java/org/apache/struts/validator/LazyValidatorForm.java:71: warning: nested tag not allowed: <code>\n[ERROR] * a different <code>Map<code> implementation from the default\n[ERROR] ^\n[ERROR] /builddir/build/BUILD/struts-1.3.10/src/core/src/main/java/org/apache/struts/validator/LazyValidatorForm.java:72: warning: nested tag not allowed: <code>\n[ERROR] * <code>HashMap</code> or an array for indexed properties, rather than the\n[ERROR] ^\n[ERROR] /builddir/build/BUILD/struts-1.3.10/src/core/src/main/java/org/apache/struts/validator/LazyValidatorForm.java:73: warning: nested tag not allowed: <code>\n[ERROR] * default <code>List</code> type:</p>\n[ERROR] ^\n[ERROR] /builddir/build/BUILD/struts-1.3.10/src/core/src/main/java/org/apache/struts/validator/LazyValidatorForm.java:71: error: end tag missing: </code>\n[ERROR] * a different <code>Map<code> implementation from the default\n[ERROR] ^\n[ERROR] /builddir/build/BUILD/struts-1.3.10/src/core/src/main/java/org/apache/struts/validator/LazyValidatorForm.java:71: error: end tag missing: </code>\n[ERROR] * a different <code>Map<code> implementation from the default\n[ERROR] ^\n[ERROR] /builddir/build/BUILD/struts-1.3.10/src/core/src/main/java/org/apache/struts/validator/LazyValidatorForm.java:138: warning: no @param for bean\n[ERROR] public LazyValidatorForm(DynaBean bean) {\n[ERROR] ^\n[ERROR] /builddir/build/BUILD/struts-1.3.10/src/core/src/main/java/org/apache/struts/validator/Resources.java:90: warning: no @return\n[ERROR] public static ValidatorResources getValidatorResources(\n[ERROR] ^\n[ERROR] /builddir/build/BUILD/struts-1.3.10/src/core/src/main/java/org/apache/struts/validator/Resources.java:105: warning: no @return\n[ERROR] public static MessageResources getMessageResources(\n[ERROR] ^\n[ERROR] /builddir/build/BUILD/struts-1.3.10/src/core/src/main/java/org/apache/struts/validator/Resources.java:117: warning: no @return\n[ERROR] public static MessageResources getMessageResources(\n[ERROR] ^\n[ERROR] /builddir/build/BUILD/struts-1.3.10/src/core/src/main/java/org/apache/struts/validator/Resources.java:231: warning: no @return\n[ERROR] public static String getMessage(MessageResources messages, Locale locale,\n[ERROR] ^\n[ERROR] /builddir/build/BUILD/struts-1.3.10/src/core/src/main/java/org/apache/struts/validator/Resources.java:249: warning: no @return\n[ERROR] public static String getMessage(HttpServletRequest request, String key) {\n[ERROR] ^\n[ERROR] /builddir/build/BUILD/struts-1.3.10/src/core/src/main/java/org/apache/struts/validator/Resources.java:265: warning: no @return\n[ERROR] public static String getMessage(MessageResources messages, Locale locale,\n[ERROR] ^\n[ERROR] /builddir/build/BUILD/struts-1.3.10/src/core/src/main/java/org/apache/struts/validator/Resources.java:286: warning: no @return\n[ERROR] public static String getMessage(ServletContext application,\n[ERROR] ^\n[ERROR] /builddir/build/BUILD/struts-1.3.10/src/core/src/main/java/org/apache/struts/validator/Resources.java:342: warning: no @return\n[ERROR] public static ActionMessage getActionMessage(HttpServletRequest request,\n[ERROR] ^\n[ERROR] /builddir/build/BUILD/struts-1.3.10/src/core/src/main/java/org/apache/struts/validator/Resources.java:365: warning: no @return\n[ERROR] public static ActionMessage getActionMessage(Validator validator,\n[ERROR] ^\n[ERROR] /builddir/build/BUILD/struts-1.3.10/src/core/src/main/java/org/apache/struts/validator/Resources.java:420: warning: no @return\n[ERROR] public static String[] getArgs(String actionName,\n[ERROR] ^\n[ERROR] /builddir/build/BUILD/struts-1.3.10/src/core/src/main/java/org/apache/struts/validator/Resources.java:495: warning: nested tag not allowed: <code>\n[ERROR] *                    <code>Field<code> can control the processing of\n[ERROR] ^\n[ERROR] /builddir/build/BUILD/struts-1.3.10/src/core/src/main/java/org/apache/struts/validator/Resources.java:495: error: element not closed: code\n[ERROR] *                    <code>Field<code> can control the processing of\n[ERROR] ^\n[ERROR] /builddir/build/BUILD/struts-1.3.10/src/core/src/main/java/org/apache/struts/validator/Resources.java:495: error: element not closed: code\n[ERROR] *                    <code>Field<code> can control the processing of\n[ERROR] ^\n[ERROR] /builddir/build/BUILD/struts-1.3.10/src/core/src/main/java/org/apache/struts/validator/Resources.java:499: warning: no @return\n[ERROR] public static Validator initValidator(String key, Object bean,\n[ERROR] ^\n[ERROR] /builddir/build/BUILD/struts-1.3.10/src/core/src/main/java/org/apache/struts/validator/validwhen/ValidWhen.java:79: warning: no @param for validator\n[ERROR] public static boolean validateValidWhen(Object bean, ValidatorAction va,\n[ERROR] ^\n[ERROR] /builddir/build/BUILD/struts-1.3.10/src/core/src/main/java/org/apache/struts/util/ImageButtonBean.java:91: warning: no @return\n[ERROR] public boolean isSelected() {\n[ERROR] ^\n[ERROR] /builddir/build/BUILD/struts-1.3.10/src/core/src/main/java/org/apache/struts/util/MessageResources.java:175: warning: no @return\n[ERROR] public boolean isEscape() {\n[ERROR] ^\n[ERROR] /builddir/build/BUILD/struts-1.3.10/src/core/src/main/java/org/apache/struts/util/MessageResources.java:185: warning: no @param for escape\n[ERROR] public void setEscape(boolean escape) {\n[ERROR] ^\n[ERROR] /builddir/build/BUILD/struts-1.3.10/src/core/src/main/java/org/apache/struts/util/MessageResources.java:196: warning: no @return\n[ERROR] public String getMessage(String key) {\n[ERROR] ^\n[ERROR] /builddir/build/BUILD/struts-1.3.10/src/core/src/main/java/org/apache/struts/util/MessageResources.java:207: warning: no @return\n[ERROR] public String getMessage(String key, Object[] args) {\n[ERROR] ^\n[ERROR] /builddir/build/BUILD/struts-1.3.10/src/core/src/main/java/org/apache/struts/util/MessageResources.java:218: warning: no @return\n[ERROR] public String getMessage(String key, Object arg0) {\n[ERROR] ^\n[ERROR] /builddir/build/BUILD/struts-1.3.10/src/core/src/main/java/org/apache/struts/util/MessageResources.java:230: warning: no @return\n[ERROR] public String getMessage(String key, Object arg0, Object arg1) {\n[ERROR] ^\n[ERROR] /builddir/build/BUILD/struts-1.3.10/src/core/src/main/java/org/apache/struts/util/MessageResources.java:243: warning: no @return\n[ERROR] public String getMessage(String key, Object arg0, Object arg1, Object arg2) {\n[ERROR] ^\n[ERROR] /builddir/build/BUILD/struts-1.3.10/src/core/src/main/java/org/apache/struts/util/MessageResources.java:257: warning: no @return\n[ERROR] public String getMessage(String key, Object arg0, Object arg1, Object arg2,\n[ERROR] ^\n[ERROR] /builddir/build/BUILD/struts-1.3.10/src/core/src/main/java/org/apache/struts/util/MessageResources.java:274: warning: no @return\n[ERROR] public abstract String getMessage(Locale locale, String key);\n[ERROR] ^\n[ERROR] /builddir/build/BUILD/struts-1.3.10/src/core/src/main/java/org/apache/struts/util/MessageResources.java:286: warning: no @return\n[ERROR] public String getMessage(Locale locale, String key, Object[] args) {\n[ERROR] ^\n[ERROR] /builddir/build/BUILD/struts-1.3.10/src/core/src/main/java/org/apache/struts/util/MessageResources.java:324: warning: no @return\n[ERROR] public String getMessage(Locale locale, String key, Object arg0) {\n[ERROR] ^\n[ERROR] /builddir/build/BUILD/struts-1.3.10/src/core/src/main/java/org/apache/struts/util/MessageResources.java:339: warning: no @return\n[ERROR] public String getMessage(Locale locale, String key, Object arg0, Object arg1) {\n[ERROR] ^\n[ERROR] /builddir/build/BUILD/struts-1.3.10/src/core/src/main/java/org/apache/struts/util/MessageResources.java:355: warning: no @return\n[ERROR] public String getMessage(Locale locale, String key, Object arg0,\n[ERROR] ^\n[ERROR] /builddir/build/BUILD/struts-1.3.10/src/core/src/main/java/org/apache/struts/util/MessageResources.java:373: warning: no @return\n[ERROR] public String getMessage(Locale locale, String key, Object arg0,\n[ERROR] ^\n[ERROR] /builddir/build/BUILD/struts-1.3.10/src/core/src/main/java/org/apache/struts/util/MessageResources.java:385: warning: no @return\n[ERROR] public boolean isPresent(String key) {\n[ERROR] ^\n[ERROR] /builddir/build/BUILD/struts-1.3.10/src/core/src/main/java/org/apache/struts/util/MessageResources.java:397: warning: no @return\n[ERROR] public boolean isPresent(Locale locale, String key) {\n[ERROR] ^\n[ERROR] /builddir/build/BUILD/struts-1.3.10/src/core/src/main/java/org/apache/struts/util/MessageResources.java:417: warning: no @return\n[ERROR] protected String escape(String string) {\n[ERROR] ^\n[ERROR] /builddir/build/BUILD/struts-1.3.10/src/core/src/main/java/org/apache/struts/util/MessageResources.java:449: warning: no @return\n[ERROR] protected String localeKey(Locale locale) {\n[ERROR] ^\n[ERROR] /builddir/build/BUILD/struts-1.3.10/src/core/src/main/java/org/apache/struts/util/MessageResources.java:460: warning: no @return\n[ERROR] protected String messageKey(Locale locale, String key) {\n[ERROR] ^\n[ERROR] /builddir/build/BUILD/struts-1.3.10/src/core/src/main/java/org/apache/struts/util/MessageResources.java:472: warning: no @return\n[ERROR] protected String messageKey(String localeKey, String key) {\n[ERROR] ^\n[ERROR] /builddir/build/BUILD/struts-1.3.10/src/core/src/main/java/org/apache/struts/util/MessageResources.java:482: warning: no @return\n[ERROR] public synchronized static MessageResources getMessageResources(\n[ERROR] ^\n[ERROR] /builddir/build/BUILD/struts-1.3.10/src/core/src/main/java/org/apache/struts/util/MessageResourcesFactory.java:87: warning: no @return\n[ERROR] public MessageResourcesConfig getConfig() {\n[ERROR] ^\n[ERROR] /builddir/build/BUILD/struts-1.3.10/src/core/src/main/java/org/apache/struts/util/MessageResourcesFactory.java:96: warning: no @param for config\n[ERROR] public void setConfig(MessageResourcesConfig config) {\n[ERROR] ^\n[ERROR] /builddir/build/BUILD/struts-1.3.10/src/core/src/main/java/org/apache/struts/util/MessageResourcesFactory.java:130: warning: no @return\n[ERROR] public abstract MessageResources createResources(String config);\n[ERROR] ^\n[ERROR] /builddir/build/BUILD/struts-1.3.10/src/core/src/main/java/org/apache/struts/util/MessageResourcesFactory.java:163: warning: no @return\n[ERROR] public static MessageResourcesFactory createFactory() {\n[ERROR] ^\n[ERROR] /builddir/build/BUILD/struts-1.3.10/src/core/src/main/java/org/apache/struts/util/ModuleException.java:124: warning: no @param for property\n[ERROR] public void setProperty(String property) {\n[ERROR] ^\n[ERROR] /builddir/build/BUILD/struts-1.3.10/src/core/src/main/java/org/apache/struts/util/ModuleUtils.java:60: warning: no @return\n[ERROR] public static ModuleUtils getInstance() {\n[ERROR] ^\n[ERROR] /builddir/build/BUILD/struts-1.3.10/src/core/src/main/java/org/apache/struts/util/RequestUtils.java:290: warning: no @param for servlet\n[ERROR] public static String getServletMapping(ActionServlet servlet) {\n[ERROR] ^\n[ERROR] /builddir/build/BUILD/struts-1.3.10/src/core/src/main/java/org/apache/struts/util/RequestUtils.java:358: error: malformed HTML\n[ERROR] * <code>MultipartRequestWrapper</code object.</p>\n[ERROR] ^\n[ERROR] /builddir/build/BUILD/struts-1.3.10/src/core/src/main/java/org/apache/struts/util/RequestUtils.java:358: error: end tag missing: </code>\n[ERROR] * <code>MultipartRequestWrapper</code object.</p>\n[ERROR] ^\n[ERROR] /builddir/build/BUILD/struts-1.3.10/src/core/src/main/java/org/apache/struts/util/ResponseUtils.java:83: warning: no @return\n[ERROR] public static String filter(String value) {\n[ERROR] ^\n[ERROR] /builddir/build/BUILD/struts-1.3.10/src/core/src/main/java/org/apache/struts/util/ResponseUtils.java:146: warning: no description for @param\n[ERROR] * @param url\n[ERROR] ^\n[ERROR] /builddir/build/BUILD/struts-1.3.10/src/core/src/main/java/org/apache/struts/util/ResponseUtils.java:163: warning: no @param for url\n[ERROR] public static String encodeURL(String url, String enc) {\n[ERROR] ^\n[ERROR] /builddir/build/BUILD/struts-1.3.10/src/core/src/main/java/org/apache/struts/util/TokenProcessor.java:62: warning: no @return\n[ERROR] public static TokenProcessor getInstance() {\n[ERROR] ^\n[ERROR] /builddir/build/BUILD/struts-1.3.10/src/core/src/main/java/org/apache/struts/util/TokenProcessor.java:87: warning: no @return\n[ERROR] public synchronized boolean isTokenValid(HttpServletRequest request) {\n[ERROR] ^\n[ERROR] /builddir/build/BUILD/struts-1.3.10/src/core/src/main/java/org/apache/struts/util/TokenProcessor.java:111: warning: no @return\n[ERROR] public synchronized boolean isTokenValid(HttpServletRequest request,\n[ERROR] ^\n[ERROR] /builddir/build/BUILD/struts-1.3.10/src/core/src/main/java/org/apache/struts/util/TokenProcessor.java:181: warning: no @return\n[ERROR] public synchronized String generateToken(HttpServletRequest request) {\n[ERROR] ^\n[ERROR] /builddir/build/BUILD/struts-1.3.10/src/core/src/main/java/org/apache/struts/util/TokenProcessor.java:194: warning: no @return\n[ERROR] public synchronized String generateToken(String id) {\n[ERROR] ^\n[ERROR] /builddir/build/BUILD/struts-1.3.10/src/core/src/main/java/org/apache/struts/config/FormBeanConfig.java:117: warning: no @return\n[ERROR] public DynaActionFormClass getDynaActionFormClass() {\n[ERROR] ^\n[ERROR] /builddir/build/BUILD/struts-1.3.10/src/core/src/main/java/org/apache/struts/config/FormBeanConfig.java:184: warning: no @return\n[ERROR] public boolean isRestricted() {\n[ERROR] ^\n[ERROR] /builddir/build/BUILD/struts-1.3.10/src/core/src/main/java/org/apache/struts/config/FormBeanConfig.java:193: warning: no @param for restricted\n[ERROR] public void setRestricted(boolean restricted) {\n[ERROR] ^\n[ERROR] /builddir/build/BUILD/struts-1.3.10/src/core/src/main/java/org/apache/struts/config/FormBeanConfig.java:232: warning: no @throws for java.lang.ClassNotFoundException\n[ERROR] protected void inheritFormProperties(FormBeanConfig config)\n[ERROR] ^\n[ERROR] /builddir/build/BUILD/struts-1.3.10/src/core/src/main/java/org/apache/struts/config/FormBeanConfig.java:232: warning: no @throws for java.lang.IllegalAccessException\n[ERROR] protected void inheritFormProperties(FormBeanConfig config)\n[ERROR] ^\n[ERROR] /builddir/build/BUILD/struts-1.3.10/src/core/src/main/java/org/apache/struts/config/FormBeanConfig.java:232: warning: no @throws for java.lang.InstantiationException\n[ERROR] protected void inheritFormProperties(FormBeanConfig config)\n[ERROR] ^\n[ERROR] /builddir/build/BUILD/struts-1.3.10/src/core/src/main/java/org/apache/struts/config/FormBeanConfig.java:232: warning: no @throws for java.lang.reflect.InvocationTargetException\n[ERROR] protected void inheritFormProperties(FormBeanConfig config)\n[ERROR] ^\n[ERROR] /builddir/build/BUILD/struts-1.3.10/src/core/src/main/java/org/apache/struts/config/FormBeanConfig.java:444: warning: no @return\n[ERROR] public FormPropertyConfig findFormPropertyConfig(String name) {\n[ERROR] ^\n[ERROR] /builddir/build/BUILD/struts-1.3.10/src/core/src/main/java/org/apache/struts/config/FormBeanConfig.java:452: warning: no @return\n[ERROR] public FormPropertyConfig[] findFormPropertyConfigs() {\n[ERROR] ^\n[ERROR] /builddir/build/BUILD/struts-1.3.10/src/core/src/main/java/org/apache/struts/config/FormBeanConfig.java:497: warning: no @throws for java.lang.ClassNotFoundException\n[ERROR] public void inheritFrom(FormBeanConfig config)\n[ERROR] ^\n[ERROR] /builddir/build/BUILD/struts-1.3.10/src/core/src/main/java/org/apache/struts/config/FormBeanConfig.java:497: warning: no @throws for java.lang.IllegalAccessException\n[ERROR] public void inheritFrom(FormBeanConfig config)\n[ERROR] ^\n[ERROR] /builddir/build/BUILD/struts-1.3.10/src/core/src/main/java/org/apache/struts/config/FormBeanConfig.java:497: warning: no @throws for java.lang.InstantiationException\n[ERROR] public void inheritFrom(FormBeanConfig config)\n[ERROR] ^\n[ERROR] /builddir/build/BUILD/struts-1.3.10/src/core/src/main/java/org/apache/struts/config/FormBeanConfig.java:497: warning: no @throws for java.lang.reflect.InvocationTargetException\n[ERROR] public void inheritFrom(FormBeanConfig config)\n[ERROR] ^\n[ERROR] /builddir/build/BUILD/struts-1.3.10/src/core/src/main/java/org/apache/struts/config/BaseConfig.java:71: error: self-closing element not allowed\n[ERROR] * class. <p /> This method must not be called after configuration is\n[ERROR] ^\n[ERROR] /builddir/build/BUILD/struts-1.3.10/src/core/src/main/java/org/apache/struts/config/BaseConfig.java:75: error: block element not allowed within inline element <code>: pre\n[ERROR] * <code><pre>\n[ERROR] ^\n[ERROR] /builddir/build/BUILD/struts-1.3.10/src/core/src/main/java/org/apache/struts/action/ActionRedirect.java:37: error: self-closing element not allowed\n[ERROR] * redirecting requests, with support for adding parameters at runtime. <br/>\n[ERROR] ^\n[ERROR] /builddir/build/BUILD/struts-1.3.10/src/core/src/main/java/org/apache/struts/action/ActionRedirect.java:54: error: unexpected end tag: </p>\n[ERROR] * </p>\n[ERROR] ^\n[ERROR] /builddir/build/BUILD/struts-1.3.10/src/core/src/main/java/org/apache/struts/action/ExceptionHandler.java:59: error: unexpected end tag: </p>\n[ERROR] * </p> <p>You would want to use this when your normal ExceptionHandler\n[ERROR] ^\n[ERROR] /builddir/build/BUILD/struts-1.3.10/src/core/src/main/java/org/apache/struts/action/ExceptionHandler.java:89: error: unexpected end tag: </p>\n[ERROR] * behavior will be used. </p> <p>You only need to use this if you do not\n[ERROR] ^\n[ERROR] /builddir/build/BUILD/struts-1.3.10/src/core/src/main/java/org/apache/struts/chain/commands/AbstractPopulateActionForm.java:143: error: reference not found\n[ERROR] * @see Globals.CANCEL_PROPERTY\n[ERROR] ^\n[ERROR] /builddir/build/BUILD/struts-1.3.10/src/core/src/main/java/org/apache/struts/chain/commands/AbstractPopulateActionForm.java:144: error: reference not found\n[ERROR] * @see Globals.CANCEL_PROPERTY_X\n[ERROR] ^\n[ERROR] /builddir/build/BUILD/struts-1.3.10/src/core/src/main/java/org/apache/struts/chain/contexts/ActionContext.java:379: error: reference not found\n[ERROR] * @see ActionContextBase.CANCEL_KEY\n[ERROR] ^\n[ERROR] /builddir/build/BUILD/struts-1.3.10/src/core/src/main/java/org/apache/struts/chain/contexts/ActionContext.java:388: error: reference not found\n[ERROR] * @see ActionContextBase.CANCEL_KEY\n[ERROR] ^\n[ERROR] /builddir/build/BUILD/struts-1.3.10/src/core/src/main/java/org/apache/struts/chain/contexts/ActionContextBase.java:496: error: unexpected text\n[ERROR] * @see this.findOrCreateActionForm(String, String, ModuleConfig)\n[ERROR] ^\n[ERROR] /builddir/build/BUILD/struts-1.3.10/src/core/src/main/java/org/apache/struts/chain/contexts/ActionContextBase.java:56: error: no content\n[ERROR] * @see\n[ERROR] ^\n[ERROR] /builddir/build/BUILD/struts-1.3.10/src/core/src/main/java/org/apache/struts/chain/contexts/ActionContextBase.java:61: error: reference not found\n[ERROR] * @see Constants.ACTION_FORM_KEY\n[ERROR] ^\n[ERROR] /builddir/build/BUILD/struts-1.3.10/src/core/src/main/java/org/apache/struts/chain/contexts/ActionContextBase.java:51: error: reference not found\n[ERROR] * @see Constants.ACTION_KEY\n[ERROR] ^\n[ERROR] /builddir/build/BUILD/struts-1.3.10/src/core/src/main/java/org/apache/struts/chain/contexts/ActionContextBase.java:110: error: reference not found\n[ERROR] * @see Constants.CANCEL_KEY\n[ERROR] ^\n[ERROR] /builddir/build/BUILD/struts-1.3.10/src/core/src/main/java/org/apache/struts/chain/contexts/ActionContextBase.java:77: error: reference not found\n[ERROR] * @see Constants.EXCEPTION_KEY\n[ERROR] ^\n[ERROR] /builddir/build/BUILD/struts-1.3.10/src/core/src/main/java/org/apache/struts/chain/contexts/ActionContextBase.java:66: error: reference not found\n[ERROR] * @see Constants.FORWARD_CONFIG_KEY\n[ERROR] ^\n[ERROR] /builddir/build/BUILD/struts-1.3.10/src/core/src/main/java/org/apache/struts/chain/contexts/ActionContextBase.java:100: error: reference not found\n[ERROR] * @see Constants.INCLUDE_KEY\n[ERROR] ^\n[ERROR] /builddir/build/BUILD/struts-1.3.10/src/core/src/main/java/org/apache/struts/chain/contexts/ActionContextBase.java:105: error: reference not found\n[ERROR] * @see Constants.LOCALE_KEY\n[ERROR] ^\n[ERROR] /builddir/build/BUILD/struts-1.3.10/src/core/src/main/java/org/apache/struts/chain/contexts/ActionContextBase.java:94: error: reference not found\n[ERROR] * @see Constants.MESSAGE_RESOURCES_KEY\n[ERROR] ^\n[ERROR] /builddir/build/BUILD/struts-1.3.10/src/core/src/main/java/org/apache/struts/chain/contexts/ActionContextBase.java:72: error: reference not found\n[ERROR] * @see Constants.MODULE_CONFIG_KEY\n[ERROR] ^\n[ERROR] /builddir/build/BUILD/struts-1.3.10/src/core/src/main/java/org/apache/struts/chain/contexts/ActionContextBase.java:115: error: reference not found\n[ERROR] * @see Constants.VALID_KEY\n[ERROR] ^\n[ERROR] /builddir/build/BUILD/struts-1.3.10/src/core/src/main/java/org/apache/struts/config/ActionConfig.java:82: error: unexpected end tag: </p>\n[ERROR] * properties from.</p> </p>\n[ERROR] ^\n[ERROR] /builddir/build/BUILD/struts-1.3.10/src/core/src/main/java/org/apache/struts/config/ConfigHelper.java:433: error: unknown tag: base\n[ERROR] * <p> Renders the reference for a HTML <base> element </p>\n[ERROR] ^\n[ERROR] /builddir/build/BUILD/struts-1.3.10/src/core/src/main/java/org/apache/struts/config/ConfigHelper.java:448: error: unknown tag: base\n[ERROR] * <p> Renders the reference for a HTML <base> element. </p>\n[ERROR] ^\n[ERROR] /builddir/build/BUILD/struts-1.3.10/src/core/src/main/java/org/apache/struts/config/ConfigHelperInterface.java:169: error: unknown tag: base\n[ERROR] * <p> Renders the reference for a HTML <base> element </p>\n[ERROR] ^\n[ERROR] /builddir/build/BUILD/struts-1.3.10/src/core/src/main/java/org/apache/struts/config/ConfigHelperInterface.java:174: error: unknown tag: base\n[ERROR] * <p> Renders the reference for a HTML <base> element </p>\n[ERROR] ^\n[ERROR] /builddir/build/BUILD/struts-1.3.10/src/core/src/main/java/org/apache/struts/config/impl/ModuleConfigImpl.java:189: error: unexpected end tag: </p>\n[ERROR] * </p> Has this module been completely configured yet.  Once this flag\n[ERROR] ^\n[ERROR] /builddir/build/BUILD/struts-1.3.10/src/core/src/main/java/org/apache/struts/config/impl/ModuleConfigImpl.java:191: error: unexpected end tag: </p>\n[ERROR] * IllegalStateException.</p>\n[ERROR] ^\n[ERROR] /builddir/build/BUILD/struts-1.3.10/src/core/src/main/java/org/apache/struts/config/impl/ModuleConfigImpl.java:278: error: unexpected end tag: </p>\n[ERROR] * </p> Ad   d a new <code>ActionConfig</code> instance to the set\n[ERROR] ^\n[ERROR] /builddir/build/BUILD/struts-1.3.10/src/core/src/main/java/org/apache/struts/config/impl/ModuleConfigImpl.java:279: error: unexpected end tag: </p>\n[ERROR] * associated with this module. </p>\n[ERROR] ^\n[ERROR] /builddir/build/BUILD/struts-1.3.10/src/taglib/src/main/java/org/apache/struts/taglib/logic/IterateTag.java:103: error: malformed HTML\n[ERROR] * The length value or attribute name (<=0 means no limit).\n[ERROR] ^\n[ERROR] /builddir/build/BUILD/struts-1.3.10/src/taglib/src/main/java/org/apache/struts/taglib/nested/NestedPropertyHelper.java:75: error: malformed HTML\n[ERROR] * but is required if support for the <html:form> tag is maintained.</p>\n[ERROR] ^\n[ERROR] /builddir/build/BUILD/struts-1.3.10/src/taglib/src/main/java/org/apache/struts/taglib/nested/NestedPropertyHelper.java:75: error: bad use of '>'\n[ERROR] * but is required if support for the <html:form> tag is maintained.</p>\n[ERROR] ^\n[ERROR] /builddir/build/BUILD/struts-1.3.10/src/taglib/src/main/java/org/apache/struts/taglib/bean/WriteTag.java:283: error: malformed HTML\n[ERROR] * <http://www.dei.unipd.it/corsi/fi2ae-docs/source/jdk1.1.7/src/java/text/resources/>.\n[ERROR] ^\n[ERROR] /builddir/build/BUILD/struts-1.3.10/src/taglib/src/main/java/org/apache/struts/taglib/bean/WriteTag.java:283: error: bad use of '>'\n[ERROR] * <http://www.dei.unipd.it/corsi/fi2ae-docs/source/jdk1.1.7/src/java/text/resources/>.\n[ERROR] ^\n[ERROR] /builddir/build/BUILD/struts-1.3.10/src/taglib/src/main/java/org/apache/struts/taglib/nested/html/NestedImgTag.java:31: error: no \"alt\" attribute for image\n[ERROR] * NestedImgTag, renders the nested version of the <img> tag.\n[ERROR] ^\n[ERROR] /builddir/build/BUILD/struts-1.3.10/src/taglib/src/main/java/org/apache/struts/taglib/html/BaseTag.java:39: error: unknown tag: base\n[ERROR] * Renders an HTML <base> element with an href attribute pointing to the\n[ERROR] ^\n[ERROR] /builddir/build/BUILD/struts-1.3.10/src/taglib/src/main/java/org/apache/struts/taglib/html/HtmlTag.java:34: error: element not allowed in documentation comments: <html>\n[ERROR] * Renders an HTML <html> element with appropriate language attributes if\n[ERROR] ^\n[ERROR] /builddir/build/BUILD/struts-1.3.10/src/taglib/src/main/java/org/apache/struts/taglib/html/XhtmlTag.java:32: error: self-closing element not allowed\n[ERROR] * Example:<br/> &lt;html:xhtml/&gt; </p>\n[ERROR] ^\n[ERROR] /builddir/build/BUILD/struts-1.3.10/src/tiles/src/main/java/org/apache/struts/tiles/ComponentContext.java:110: error: malformed HTML\n[ERROR] * @return <{Object}>\n[ERROR] ^\n[ERROR] /builddir/build/BUILD/struts-1.3.10/src/tiles/src/main/java/org/apache/struts/tiles/ComponentContext.java:110: error: bad use of '>'\n[ERROR] * @return <{Object}>\n[ERROR] ^\n[ERROR] /builddir/build/BUILD/struts-1.3.10/src/tiles/src/main/java/org/apache/struts/tiles/ComponentContext.java:122: error: malformed HTML\n[ERROR] * @return <{Object}>\n[ERROR] ^\n[ERROR] /builddir/build/BUILD/struts-1.3.10/src/tiles/src/main/java/org/apache/struts/tiles/ComponentContext.java:122: error: bad use of '>'\n[ERROR] * @return <{Object}>\n[ERROR] ^\n[ERROR] /builddir/build/BUILD/struts-1.3.10/src/tiles/src/main/java/org/apache/struts/tiles/ComponentDefinition.java:128: error: exception not thrown: java.lang.InstantiationException\n[ERROR] * @throws InstantiationException if an error occur while instanciating Controller :\n[ERROR] ^\n[ERROR] /builddir/build/BUILD/struts-1.3.10/src/tiles/src/main/java/org/apache/struts/tiles/DefinitionsFactoryConfig.java:165: error: element not closed: code\n[ERROR] * @return <code>true<code> when in validating mode.\n[ERROR] ^\n[ERROR] /builddir/build/BUILD/struts-1.3.10/src/tiles/src/main/java/org/apache/struts/tiles/DefinitionsFactoryConfig.java:165: error: element not closed: code\n[ERROR] * @return <code>true<code> when in validating mode.\n[ERROR] ^\n[ERROR] /builddir/build/BUILD/struts-1.3.10/src/tiles/src/main/java/org/apache/struts/tiles/TilesRequestProcessor.java:52: error: unexpected end tag: </p>\n[ERROR] * </p>\n[ERROR] ^\n[ERROR] /builddir/build/BUILD/struts-1.3.10/src/tiles/src/main/java/org/apache/struts/tiles/actions/DefinitionDispatcherAction.java:49: error: tag not allowed here: <li>\n[ERROR] * <li>\n[ERROR] ^\n[ERROR] /builddir/build/BUILD/struts-1.3.10/src/tiles/src/main/java/org/apache/struts/tiles/actions/DefinitionDispatcherAction.java:50: error: text not allowed in <ul> element\n[ERROR] * <ul>To associate an Url to a definition</ul>\n[ERROR] ^\n[ERROR] /builddir/build/BUILD/struts-1.3.10/src/tiles/src/main/java/org/apache/struts/tiles/actions/DefinitionDispatcherAction.java:51: error: text not allowed in <ul> element\n[ERROR] * <ul>To use Struts &lt;html:link&gt; tag on a definition</ul>\n[ERROR] ^\n[ERROR] /builddir/build/BUILD/struts-1.3.10/src/tiles/src/main/java/org/apache/struts/tiles/taglib/DefinitionTag.java:94: error: invalid entity &lg;\n[ERROR] * Process nested &lg;put&gt; tag.\n[ERROR] ^\n[ERROR] /builddir/build/BUILD/struts-1.3.10/src/tiles/src/main/java/org/apache/struts/tiles/taglib/DefinitionTag.java:95: error: invalid entity &lg;\n[ERROR] * Method is called from nested &lg;put&gt; tags.\n[ERROR] ^\n[ERROR] /builddir/build/BUILD/struts-1.3.10/src/tiles/src/main/java/org/apache/struts/tiles/taglib/DefinitionTag.java:122: error: invalid entity &lg;\n[ERROR] * Process nested &lg;putList&gt; tag.\n[ERROR] ^\n[ERROR] /builddir/build/BUILD/struts-1.3.10/src/tiles/src/main/java/org/apache/struts/tiles/taglib/DefinitionTag.java:123: error: invalid entity &lg;\n[ERROR] * Method is called from nested &lg;putList&gt; tags.\n[ERROR] ^\n[ERROR] /builddir/build/BUILD/struts-1.3.10/src/tiles/src/main/java/org/apache/struts/tiles/taglib/DefinitionTag.java:34: error: semicolon missing\n[ERROR] * used in &lt;tiles:insert&gt.\n[ERROR] ^\n[ERROR] /builddir/build/BUILD/struts-1.3.10/src/tiles/src/main/java/org/apache/struts/tiles/taglib/InsertTag.java:320: error: invalid entity &lg;\n[ERROR] * Process nested &lg;put&gt; tag.\n[ERROR] ^\n[ERROR] /builddir/build/BUILD/struts-1.3.10/src/tiles/src/main/java/org/apache/struts/tiles/taglib/InsertTag.java:321: error: invalid entity &lg;\n[ERROR] * Method calls by nested &lg;put&gt; tags.\n[ERROR] ^\n[ERROR] /builddir/build/BUILD/struts-1.3.10/src/tiles/src/main/java/org/apache/struts/tiles/taglib/InsertTag.java:339: error: invalid entity &lg;\n[ERROR] * Process nested &lg;putList&gt; tag.\n[ERROR] ^\n[ERROR] /builddir/build/BUILD/struts-1.3.10/src/tiles/src/main/java/org/apache/struts/tiles/taglib/InsertTag.java:340: error: invalid entity &lg;\n[ERROR] * Method calls by nested &lg;putList&gt; tags.\n[ERROR] ^\n[ERROR] /builddir/build/BUILD/struts-1.3.10/src/tiles/src/main/java/org/apache/struts/tiles/taglib/InsertTag.java:364: error: invalid entity &lg;\n[ERROR] * Method calls by nested &lg;putList&gt; tags.\n[ERROR] ^\n[ERROR] /builddir/build/BUILD/struts-1.3.10/src/tiles/src/main/java/org/apache/struts/tiles/taglib/InsertTag.java:552: error: unexpected text\n[ERROR] * @throws JspException- NoSuchDefinitionException No Definition  found for name.\n[ERROR] ^\n[ERROR] /builddir/build/BUILD/struts-1.3.10/src/tiles/src/main/java/org/apache/struts/tiles/taglib/InsertTag.java:553: error: unexpected text\n[ERROR] * @throws JspException- FactoryNotFoundException Can't find Definitions factory.\n[ERROR] ^\n[ERROR] /builddir/build/BUILD/struts-1.3.10/src/tiles/src/main/java/org/apache/struts/tiles/taglib/InsertTag.java:554: error: unexpected text\n[ERROR] * @throws JspException- DefinedComponentFactoryException General error in factory.\n[ERROR] ^\n[ERROR] /builddir/build/BUILD/struts-1.3.10/src/tiles/src/main/java/org/apache/struts/tiles/taglib/PutListTag.java:126: error: invalid entity &lg;\n[ERROR] * Process nested &lg;putList&gt; tag.\n[ERROR] ^\n[ERROR] /builddir/build/BUILD/struts-1.3.10/src/tiles/src/main/java/org/apache/struts/tiles/taglib/PutListTag.java:127: error: invalid entity &lg;\n[ERROR] * Method calls by nested &lg;putList&gt; tags.\n[ERROR] ^\n[ERROR] /builddir/build/BUILD/struts-1.3.10/src/tiles/src/main/java/org/apache/struts/tiles/taglib/PutListTag.java:149: error: invalid entity &lg;\n[ERROR] * Process nested &lg;add&gt; tag.\n[ERROR] ^\n[ERROR] /builddir/build/BUILD/struts-1.3.10/src/tiles/src/main/java/org/apache/struts/tiles/taglib/PutListTag.java:150: error: invalid entity &lg;\n[ERROR] * Method calls by nested &lg;add&gt; tags.\n[ERROR] ^\n[ERROR] /builddir/build/BUILD/struts-1.3.10/src/tiles/src/main/java/org/apache/struts/tiles/taglib/PutTag.java:41: error: tag not allowed here: <li>\n[ERROR] * <li>\n[ERROR] ^\n[ERROR] /builddir/build/BUILD/struts-1.3.10/src/tiles/src/main/java/org/apache/struts/tiles/taglib/PutTag.java:42: error: text not allowed in <ul> element\n[ERROR] * <ul>name : Name of the attribute</ul>\n[ERROR] ^\n[ERROR] /builddir/build/BUILD/struts-1.3.10/src/tiles/src/main/java/org/apache/struts/tiles/taglib/PutTag.java:43: error: text not allowed in <ul> element\n[ERROR] * <ul>value | content : value to put as attribute</ul>\n[ERROR] ^\n[ERROR] /builddir/build/BUILD/struts-1.3.10/src/tiles/src/main/java/org/apache/struts/tiles/taglib/PutTag.java:44: error: text not allowed in <ul> element\n[ERROR] * <ul>type : value type. Only valid if value is a String and is set by\n[ERROR] ^\n[ERROR] /builddir/build/BUILD/struts-1.3.10/src/tiles/src/main/java/org/apache/struts/tiles/taglib/PutTag.java:49: error: text not allowed in <ul> element\n[ERROR] * <ul>direct : Specify if value is to be used as a direct string or as a\n[ERROR] ^\n[ERROR] /builddir/build/BUILD/struts-1.3.10/src/tiles/src/main/java/org/apache/struts/tiles/taglib/PutTag.java:52: error: text not allowed in <ul> element\n[ERROR] * <ul>beanName : Name of a bean used for setting value. Only valid if value is not set.\n[ERROR] ^\n[ERROR] /builddir/build/BUILD/struts-1.3.10/src/tiles/src/main/java/org/apache/struts/tiles/taglib/PutTag.java:55: error: text not allowed in <ul> element\n[ERROR] * <ul>beanProperty : Name of the property used for retrieving value.</ul>\n[ERROR] ^\n[ERROR] /builddir/build/BUILD/struts-1.3.10/src/tiles/src/main/java/org/apache/struts/tiles/taglib/PutTag.java:56: error: text not allowed in <ul> element\n[ERROR] * <ul>beanScope : Scope containing bean. </ul>\n[ERROR] ^\n[ERROR] /builddir/build/BUILD/struts-1.3.10/src/tiles/src/main/java/org/apache/struts/tiles/taglib/PutTag.java:57: error: text not allowed in <ul> element\n[ERROR] * <ul>role : Role to check when 'insert' will be called. If enclosing tag is\n[ERROR] ^\n[ERROR] /builddir/build/BUILD/struts-1.3.10/src/el/src/main/java/org/apache/strutsel/taglib/tiles/ELDefinitionTag.java:31: error: semicolon missing\n[ERROR] * be used in &lt;tiles:insert&gt. <p> This class is a subclass of the class\n[ERROR] ^\n[ERROR] \n[ERROR] Command line was: /usr/lib/jvm/java-1.8.0-openjdk-1.8.0.121-0.b13.el7_3.x86_64/jre/../bin/javadoc @options @packages\n[ERROR] \n[ERROR] Refer to the generated Javadoc files in '/builddir/build/BUILD/struts-1.3.10/src/target/site/apidocs' dir.\n[ERROR] -> [Help 1]\nVersion-Release number of selected component (if applicable):\n1.3.10-12.el7\n\nSteps to Reproduce:\nkoji build --scratch epel7 struts-1.3.10-12.el7.src.rpm\n\nAdditional info:\nThis package is tracked by Koschei. See:\nhttp://apps.fedoraproject.org/koschei/package/struts"
					},
					{
						"isprivate": "0",
						"commentid": "10402938",
						"comment_count": "1",
						"who": {
							"text": "mmraka",
							"name": "Michael Mr√°ka"
						},
						"bug_when": "2017-05-11 07:28:20 +0000",
						"thetext": "commit a3b18b63f3144e02638f42987c349dfca1b1097a\n    Fixed FTBFS in EPEL7 RHBZ#1428266"
					},
					{
						"isprivate": "0",
						"commentid": "10402958",
						"comment_count": "2",
						"who": {
							"text": "updates",
							"name": "Fedora Update System"
						},
						"bug_when": "2017-05-11 07:39:53 +0000",
						"thetext": "struts-1.3.10-14.1.el7 has been submitted as an update to Fedora EPEL 7. https://bodhi.fedoraproject.org/updates/FEDORA-EPEL-2017-2acdfa3ad8"
					},
					{
						"isprivate": "0",
						"commentid": "10408935",
						"comment_count": "3",
						"who": {
							"text": "updates",
							"name": "Fedora Update System"
						},
						"bug_when": "2017-05-12 19:56:09 +0000",
						"thetext": "struts-1.3.10-14.1.el7 has been pushed to the Fedora EPEL 7 testing repository. If problems still persist, please make note of it in this bug report.\nSee https://fedoraproject.org/wiki/QA:Updates_Testing for\ninstructions on how to install test updates.\nYou can provide feedback for this update here: https://bodhi.fedoraproject.org/updates/FEDORA-EPEL-2017-2acdfa3ad8"
					},
					{
						"isprivate": "0",
						"commentid": "10459473",
						"comment_count": "4",
						"who": {
							"text": "updates",
							"name": "Fedora Update System"
						},
						"bug_when": "2017-05-30 16:54:21 +0000",
						"thetext": "struts-1.3.10-14.1.el7 has been pushed to the Fedora EPEL 7 stable repository. If problems still persist, please make note of it in this bug report."
					}
				]
			}
		}
	],
	"builds": [
		{
			"epoch": 0,
			"nvr": "struts-1.3.10-14.1.el7",
			"release_id": 8,
			"signed": true,
			"type": "rpm",
			"package": {
				"noarch": [
					{
						"name": "struts",
						"version": "1.3.10",
						"release": "14.1.el7",
						"arch": "noarch"
					},
					{
						"name": "struts-javadoc",
						"version": "1.3.10",
						"release": "14.1.el7",
						"arch": "noarch"
					}
				],
				"src": [
					{
						"name": "struts",
						"version": "1.3.10",
						"release": "14.1.el7",
						"arch": "src"
					}
				]
			}
		}
	],
	"close_bugs": true,
	"comments": [
		{
			"id": 606065,
			"text": "This update has been submitted for testing by mmraka. ",
			"timestamp": "2017-05-11 07:39:48",
			"update_id": 87438,
			"user": {
				"avatar": "https://apps.fedoraproject.org/img/icons/bodhi-24.png",
				"id": 91,
				"name": "bodhi",
				"openid": "bodhi.id.fedoraproject.org"
			},
			"user_id": 91
		},
		{
			"id": 606983,
			"text": "This update has been pushed to testing.",
			"timestamp": "2017-05-12 19:58:03",
			"update_id": 87438,
			"user": {
				"avatar": "https://apps.fedoraproject.org/img/icons/bodhi-24.png",
				"id": 91,
				"name": "bodhi",
				"openid": "bodhi.id.fedoraproject.org"
			},
			"user_id": 91
		},
		{
			"id": 613634,
			"text": "This update has reached 14 days in testing and can be pushed to stable now if the maintainer wishes",
			"timestamp": "2017-05-27 00:00:49",
			"update_id": 87438,
			"user": {
				"avatar": "https://apps.fedoraproject.org/img/icons/bodhi-24.png",
				"id": 91,
				"name": "bodhi",
				"openid": "bodhi.id.fedoraproject.org"
			},
			"user_id": 91
		},
		{
			"id": 614275,
			"text": "This update has been submitted for stable by mmraka. ",
			"timestamp": "2017-05-29 07:30:03",
			"update_id": 87438,
			"user": {
				"avatar": "https://apps.fedoraproject.org/img/icons/bodhi-24.png",
				"id": 91,
				"name": "bodhi",
				"openid": "bodhi.id.fedoraproject.org"
			},
			"user_id": 91
		},
		{
			"id": 614801,
			"text": "This update has been pushed to stable.",
			"timestamp": "2017-05-30 16:54:46",
			"update_id": 87438,
			"user": {
				"avatar": "https://apps.fedoraproject.org/img/icons/bodhi-24.png",
				"id": 91,
				"name": "bodhi",
				"openid": "bodhi.id.fedoraproject.org"
			},
			"user_id": 91
		}
	],
	"content_type": "rpm",
	"date_pushed": "2017-05-30 15:07:49",
	"date_stable": "2017-05-30 15:07:49",
	"date_submitted": "2017-05-11 07:39:48",
	"date_testing": "2017-05-12 19:27:35",
	"meets_testing_requirements": true,
	"notes": "Security fix for CVE-2015-0899\nFixed FTBFS in EPEL7 RHBZ#1428266",
	"pushed": true,
	"release": {
		"branch": "epel7",
		"candidate_tag": "epel7-testing-candidate",
		"composed_by_bodhi": true,
		"create_automatic_updates": false,
		"dist_tag": "epel7",
		"id_prefix": "FEDORA-EPEL",
		"long_name": "Fedora EPEL 7",
		"mail_template": "fedora_epel_legacy_errata_template",
		"name": "EPEL-7",
		"override_tag": "epel7-override",
		"package_manager": "unspecified",
		"pending_signing_tag": "epel7-signing-pending",
		"pending_stable_tag": "epel7-pending",
		"pending_testing_tag": "epel7-testing-pending",
		"stable_tag": "epel7",
		"state": "archived",
		"testing_tag": "epel7-testing",
		"version": "7"
	},
	"require_bugs": true,
	"severity": "unspecified",
	"stable_karma": 3,
	"status": "stable",
	"suggest": "unspecified",
	"title": "struts-1.3.10-14.1.el7",
	"type": "security",
	"url": "https://bodhi.fedoraproject.org/updates/FEDORA-EPEL-2017-2acdfa3ad8",
	"unstable_karma": -3,
	"updateid": "FEDORA-EPEL-2017-2acdfa3ad8",
	"user": {
		"avatar": "https://seccdn.libravatar.org/avatar/05d73a902887ed487cd79ab70fedd341b95bfed3e65f9c4c577ea9cedbd56e16?s=24&d=retro",
		"email": "mmraka@redhat.com",
		"groups": [
			{
				"name": "packager"
			}
		],
		"id": 1344,
		"name": "mmraka",
		"openid": "mmraka.id.fedoraproject.org"
	},
	"version_hash": "e684d9e1c1626f7d1a3fb3ffd91089391662281c"
}
